2019-11-03 14:38:00.203  INFO Gary-C-Laptop
            --- [ment.App.main()] c.p.i.App                                : Starting App on Gary-C-Laptop with PID 5860 (started by Gary in C:\Coleman\Development\Promineo Tech\3.Spring\Week 2\InventoryManagement)
2019-11-03 14:38:00.250  INFO Gary-C-Laptop
            --- [ment.App.main()] ationConfigEmbeddedWebApplicationContext : Refreshing org.springframework.boot.context.embedded.AnnotationConfigEmbeddedWebApplicationContext@60f21bdf: startup date [Sun Nov 03 14:38:00 MST 2019]; root of context hierarchy
2019-11-03 14:38:00.956  INFO Gary-C-Laptop
            --- [ment.App.main()] o.s.b.f.s.DefaultListableBeanFactory     : Overriding bean definition for bean 'beanNameViewResolver': replacing [Root bean: class [null]; scope=; abstract=false; lazyInit=false; autowireMode=3; dependencyCheck=0; autowireCandidate=true; primary=false; factoryBeanName=org.springframework.boot.autoconfigure.web.ErrorMvcAutoConfiguration$WhitelabelErrorViewConfiguration; factoryMethodName=beanNameViewResolver; initMethodName=null; destroyMethodName=(inferred); defined in class path resource [org/springframework/boot/autoconfigure/web/ErrorMvcAutoConfiguration$WhitelabelErrorViewConfiguration.class]] with [Root bean: class [null]; scope=; abstract=false; lazyInit=false; autowireMode=3; dependencyCheck=0; autowireCandidate=true; primary=false; factoryBeanName=org.springframework.boot.autoconfigure.web.WebMvcAutoConfiguration$WebMvcAutoConfigurationAdapter; factoryMethodName=beanNameViewResolver; initMethodName=null; destroyMethodName=(inferred); defined in class path resource [org/springframework/boot/autoconfigure/web/WebMvcAutoConfiguration$WebMvcAutoConfigurationAdapter.class]]
2019-11-03 14:38:01.570  INFO Gary-C-Laptop
            --- [ment.App.main()] o.h.v.i.u.Version                        : HV000001: Hibernate Validator 5.1.3.Final
2019-11-03 14:38:01.757  INFO Gary-C-Laptop
            --- [ment.App.main()] trationDelegate$BeanPostProcessorChecker : Bean 'org.springframework.transaction.annotation.ProxyTransactionManagementConfiguration' of type [class org.springframework.transaction.annotation.ProxyTransactionManagementConfiguration$$EnhancerBySpringCGLIB$$ee14091b] is not eligible for getting processed by all BeanPostProcessors (for example: not eligible for auto-proxying)
2019-11-03 14:38:01.794  INFO Gary-C-Laptop
            --- [ment.App.main()] trationDelegate$BeanPostProcessorChecker : Bean 'transactionAttributeSource' of type [class org.springframework.transaction.annotation.AnnotationTransactionAttributeSource] is not eligible for getting processed by all BeanPostProcessors (for example: not eligible for auto-proxying)
2019-11-03 14:38:01.810  INFO Gary-C-Laptop
            --- [ment.App.main()] trationDelegate$BeanPostProcessorChecker : Bean 'transactionInterceptor' of type [class org.springframework.transaction.interceptor.TransactionInterceptor] is not eligible for getting processed by all BeanPostProcessors (for example: not eligible for auto-proxying)
2019-11-03 14:38:01.822  INFO Gary-C-Laptop
            --- [ment.App.main()] trationDelegate$BeanPostProcessorChecker : Bean 'org.springframework.transaction.config.internalTransactionAdvisor' of type [class org.springframework.transaction.interceptor.BeanFactoryTransactionAttributeSourceAdvisor] is not eligible for getting processed by all BeanPostProcessors (for example: not eligible for auto-proxying)
2019-11-03 14:38:02.429  INFO Gary-C-Laptop
            --- [ment.App.main()] s.b.c.e.t.TomcatEmbeddedServletContainer : Tomcat initialized with port(s): 8080 (http)
2019-11-03 14:38:02.574  INFO Gary-C-Laptop
            --- [ment.App.main()] o.a.c.c.StandardService                  : Starting service Tomcat
2019-11-03 14:38:02.581  INFO Gary-C-Laptop
            --- [ment.App.main()] o.a.c.c.StandardEngine                   : Starting Servlet Engine: Apache Tomcat/8.0.26
2019-11-03 14:38:02.708  INFO Gary-C-Laptop
            --- [ost-startStop-1] o.a.c.c.C.[.[.[/]                        : Initializing Spring embedded WebApplicationContext
2019-11-03 14:38:02.712  INFO Gary-C-Laptop
            --- [ost-startStop-1] o.s.w.c.ContextLoader                    : Root WebApplicationContext: initialization completed in 2467 ms
2019-11-03 14:38:03.420  INFO Gary-C-Laptop
            --- [ost-startStop-1] o.s.b.c.e.ServletRegistrationBean        : Mapping servlet: 'dispatcherServlet' to [/]
2019-11-03 14:38:03.436  INFO Gary-C-Laptop
            --- [ost-startStop-1] o.s.b.c.e.FilterRegistrationBean         : Mapping filter: 'characterEncodingFilter' to: [/*]
2019-11-03 14:38:03.436  INFO Gary-C-Laptop
            --- [ost-startStop-1] o.s.b.c.e.FilterRegistrationBean         : Mapping filter: 'hiddenHttpMethodFilter' to: [/*]
2019-11-03 14:38:03.702  INFO Gary-C-Laptop
            --- [ment.App.main()] j.LocalContainerEntityManagerFactoryBean : Building JPA container EntityManagerFactory for persistence unit 'default'
2019-11-03 14:38:03.733  INFO Gary-C-Laptop
            --- [ment.App.main()] o.h.j.i.u.LogHelper                      : HHH000204: Processing PersistenceUnitInfo [
	name: default
	...]
2019-11-03 14:38:03.842  INFO Gary-C-Laptop
            --- [ment.App.main()] o.h.Version                              : HHH000412: Hibernate Core {4.3.11.Final}
2019-11-03 14:38:03.858  INFO Gary-C-Laptop
            --- [ment.App.main()] o.h.c.Environment                        : HHH000206: hibernate.properties not found
2019-11-03 14:38:03.858  INFO Gary-C-Laptop
            --- [ment.App.main()] o.h.c.Environment                        : HHH000021: Bytecode provider name : javassist
2019-11-03 14:38:04.048  INFO Gary-C-Laptop
            --- [ment.App.main()] o.h.a.c.Version                          : HCANN000001: Hibernate Commons Annotations {4.0.5.Final}
2019-11-03 14:38:05.054  INFO Gary-C-Laptop
            --- [ment.App.main()] o.h.d.Dialect                            : HHH000400: Using dialect: org.hibernate.dialect.MySQL5Dialect
2019-11-03 14:38:05.238  INFO Gary-C-Laptop
            --- [ment.App.main()] o.h.h.i.a.ASTQueryTranslatorFactory      : HHH000397: Using ASTQueryTranslatorFactory
2019-11-03 14:38:05.957  INFO Gary-C-Laptop
            --- [ment.App.main()] o.h.t.h.SchemaExport                     : HHH000227: Running hbm2ddl schema export
2019-11-03 14:38:05.973 ERROR Gary-C-Laptop
            --- [ment.App.main()] o.h.t.h.SchemaExport                     : HHH000389: Unsuccessful: alter table `order` drop foreign key FK_m6q2ofkj1g5aobtb2p00ajpqg
2019-11-03 14:38:05.989 ERROR Gary-C-Laptop
            --- [ment.App.main()] o.h.t.h.SchemaExport                     : Table 'inventory_api.order' doesn't exist
2019-11-03 14:38:05.989 ERROR Gary-C-Laptop
            --- [ment.App.main()] o.h.t.h.SchemaExport                     : HHH000389: Unsuccessful: alter table `product_order` drop foreign key FK_5uw5nxqovigv7mf1gmbos1rl8
2019-11-03 14:38:05.989 ERROR Gary-C-Laptop
            --- [ment.App.main()] o.h.t.h.SchemaExport                     : Table 'inventory_api.product_order' doesn't exist
2019-11-03 14:38:05.989 ERROR Gary-C-Laptop
            --- [ment.App.main()] o.h.t.h.SchemaExport                     : HHH000389: Unsuccessful: alter table `product_order` drop foreign key FK_sf5yp37b7qt63qqoq25f82lpu
2019-11-03 14:38:06.008 ERROR Gary-C-Laptop
            --- [ment.App.main()] o.h.t.h.SchemaExport                     : Table 'inventory_api.product_order' doesn't exist
2019-11-03 14:38:06.683  INFO Gary-C-Laptop
            --- [ment.App.main()] o.h.t.h.SchemaExport                     : HHH000230: Schema export complete
2019-11-03 14:38:06.999  WARN Gary-C-Laptop
            --- [ment.App.main()] ationConfigEmbeddedWebApplicationContext : Exception encountered during context initialization - cancelling refresh attempt
org.springframework.beans.factory.BeanCreationException: Error creating bean with name 'orderController': Injection of autowired dependencies failed; nested exception is org.springframework.beans.factory.BeanCreationException: Could not autowire field: private com.promineotech.inventoryManagement.service.OrderService com.promineotech.inventoryManagement.controller.OrderController.service; nested exception is org.springframework.beans.factory.NoSuchBeanDefinitionException: No qualifying bean of type [com.promineotech.inventoryManagement.service.OrderService] found for dependency: expected at least 1 bean which qualifies as autowire candidate for this dependency. Dependency annotations: {@org.springframework.beans.factory.annotation.Autowired(required=true)}
	at org.springframework.beans.factory.annotation.AutowiredAnnotationBeanPostProcessor.postProcessPropertyValues(AutowiredAnnotationBeanPostProcessor.java:334)
	at org.springframework.beans.factory.support.AbstractAutowireCapableBeanFactory.populateBean(AbstractAutowireCapableBeanFactory.java:1210)
	at org.springframework.beans.factory.support.AbstractAutowireCapableBeanFactory.doCreateBean(AbstractAutowireCapableBeanFactory.java:537)
	at org.springframework.beans.factory.support.AbstractAutowireCapableBeanFactory.createBean(AbstractAutowireCapableBeanFactory.java:476)
	at org.springframework.beans.factory.support.AbstractBeanFactory$1.getObject(AbstractBeanFactory.java:303)
	at org.springframework.beans.factory.support.DefaultSingletonBeanRegistry.getSingleton(DefaultSingletonBeanRegistry.java:230)
	at org.springframework.beans.factory.support.AbstractBeanFactory.doGetBean(AbstractBeanFactory.java:299)
	at org.springframework.beans.factory.support.AbstractBeanFactory.getBean(AbstractBeanFactory.java:194)
	at org.springframework.beans.factory.support.DefaultListableBeanFactory.preInstantiateSingletons(DefaultListableBeanFactory.java:755)
	at org.springframework.context.support.AbstractApplicationContext.finishBeanFactoryInitialization(AbstractApplicationContext.java:757)
	at org.springframework.context.support.AbstractApplicationContext.refresh(AbstractApplicationContext.java:480)
	at org.springframework.boot.context.embedded.EmbeddedWebApplicationContext.refresh(EmbeddedWebApplicationContext.java:118)
	at org.springframework.boot.SpringApplication.refresh(SpringApplication.java:687)
	at org.springframework.boot.SpringApplication.run(SpringApplication.java:321)
	at org.springframework.boot.SpringApplication.run(SpringApplication.java:967)
	at org.springframework.boot.SpringApplication.run(SpringApplication.java:956)
	at com.promineotech.inventoryManagement.App.main(App.java:12)
	at sun.reflect.NativeMethodAccessorImpl.invoke0(Native Method)
	at sun.reflect.NativeMethodAccessorImpl.invoke(NativeMethodAccessorImpl.java:62)
	at sun.reflect.DelegatingMethodAccessorImpl.invoke(DelegatingMethodAccessorImpl.java:43)
	at java.lang.reflect.Method.invoke(Method.java:498)
	at org.springframework.boot.maven.RunMojo$LaunchRunner.run(RunMojo.java:418)
	at java.lang.Thread.run(Thread.java:748)
Caused by: org.springframework.beans.factory.BeanCreationException: Could not autowire field: private com.promineotech.inventoryManagement.service.OrderService com.promineotech.inventoryManagement.controller.OrderController.service; nested exception is org.springframework.beans.factory.NoSuchBeanDefinitionException: No qualifying bean of type [com.promineotech.inventoryManagement.service.OrderService] found for dependency: expected at least 1 bean which qualifies as autowire candidate for this dependency. Dependency annotations: {@org.springframework.beans.factory.annotation.Autowired(required=true)}
	at org.springframework.beans.factory.annotation.AutowiredAnnotationBeanPostProcessor$AutowiredFieldElement.inject(AutowiredAnnotationBeanPostProcessor.java:561)
	at org.springframework.beans.factory.annotation.InjectionMetadata.inject(InjectionMetadata.java:88)
	at org.springframework.beans.factory.annotation.AutowiredAnnotationBeanPostProcessor.postProcessPropertyValues(AutowiredAnnotationBeanPostProcessor.java:331)
	... 22 more
Caused by: org.springframework.beans.factory.NoSuchBeanDefinitionException: No qualifying bean of type [com.promineotech.inventoryManagement.service.OrderService] found for dependency: expected at least 1 bean which qualifies as autowire candidate for this dependency. Dependency annotations: {@org.springframework.beans.factory.annotation.Autowired(required=true)}
	at org.springframework.beans.factory.support.DefaultListableBeanFactory.raiseNoSuchBeanDefinitionException(DefaultListableBeanFactory.java:1301)
	at org.springframework.beans.factory.support.DefaultListableBeanFactory.doResolveDependency(DefaultListableBeanFactory.java:1047)
	at org.springframework.beans.factory.support.DefaultListableBeanFactory.resolveDependency(DefaultListableBeanFactory.java:942)
	at org.springframework.beans.factory.annotation.AutowiredAnnotationBeanPostProcessor$AutowiredFieldElement.inject(AutowiredAnnotationBeanPostProcessor.java:533)
	... 24 more
2019-11-03 14:38:07.058  INFO Gary-C-Laptop
            --- [ment.App.main()] j.LocalContainerEntityManagerFactoryBean : Closing JPA EntityManagerFactory for persistence unit 'default'
2019-11-03 14:38:07.068  INFO Gary-C-Laptop
            --- [ment.App.main()] o.a.c.c.StandardService                  : Stopping service Tomcat
2019-11-03 14:38:07.081  INFO Gary-C-Laptop
            --- [ment.App.main()] .b.l.ClasspathLoggingApplicationListener : Application failed to start with classpath: [file:/C:/Coleman/Development/Promineo%20Tech/3.Spring/Week%202/InventoryManagement/src/main/resources/, file:/C:/Coleman/Development/Promineo%20Tech/3.Spring/Week%202/InventoryManagement/src/main/resources/, file:/C:/Coleman/Development/Promineo%20Tech/3.Spring/Week%202/InventoryManagement/target/classes/, file:/C:/Users/Gary/.m2/repository/org/springframework/data/spring-data-jpa/1.7.3.RELEASE/spring-data-jpa-1.7.3.RELEASE.jar, file:/C:/Users/Gary/.m2/repository/org/yaml/snakeyaml/1.14/snakeyaml-1.14.jar, file:/C:/Users/Gary/.m2/repository/aopalliance/aopalliance/1.0/aopalliance-1.0.jar, file:/C:/Users/Gary/.m2/repository/org/springframework/spring-beans/4.1.7.RELEASE/spring-beans-4.1.7.RELEASE.jar, file:/C:/Users/Gary/.m2/repository/org/apache/logging/log4j/log4j-core/2.1/log4j-core-2.1.jar, file:/C:/Users/Gary/.m2/repository/org/slf4j/slf4j-api/1.7.12/slf4j-api-1.7.12.jar, file:/C:/Users/Gary/.m2/repository/xml-apis/xml-apis/1.0.b2/xml-apis-1.0.b2.jar, file:/C:/Users/Gary/.m2/repository/org/slf4j/jcl-over-slf4j/1.7.12/jcl-over-slf4j-1.7.12.jar, file:/C:/Users/Gary/.m2/repository/antlr/antlr/2.7.7/antlr-2.7.7.jar, file:/C:/Users/Gary/.m2/repository/org/springframework/data/spring-data-commons/1.9.3.RELEASE/spring-data-commons-1.9.3.RELEASE.jar, file:/C:/Users/Gary/.m2/repository/org/springframework/spring-jdbc/4.1.7.RELEASE/spring-jdbc-4.1.7.RELEASE.jar, file:/C:/Users/Gary/.m2/repository/org/apache/logging/log4j/log4j-slf4j-impl/2.1/log4j-slf4j-impl-2.1.jar, file:/C:/Users/Gary/.m2/repository/org/springframework/spring-aop/4.1.7.RELEASE/spring-aop-4.1.7.RELEASE.jar, file:/C:/Users/Gary/.m2/repository/org/springframework/security/spring-security-crypto/5.1.2.RELEASE/spring-security-crypto-5.1.2.RELEASE.jar, file:/C:/Users/Gary/.m2/repository/org/springframework/boot/spring-boot-autoconfigure/1.2.6.RELEASE/spring-boot-autoconfigure-1.2.6.RELEASE.jar, file:/C:/Users/Gary/.m2/repository/org/apache/tomcat/embed/tomcat-embed-core/8.0.26/tomcat-embed-core-8.0.26.jar, file:/C:/Users/Gary/.m2/repository/mysql/mysql-connector-java/8.0.17/mysql-connector-java-8.0.17.jar, file:/C:/Users/Gary/.m2/repository/org/aspectj/aspectjweaver/1.8.6/aspectjweaver-1.8.6.jar, file:/C:/Users/Gary/.m2/repository/org/springframework/boot/spring-boot-starter-web/1.2.6.RELEASE/spring-boot-starter-web-1.2.6.RELEASE.jar, file:/C:/Users/Gary/.m2/repository/com/fasterxml/jackson/core/jackson-annotations/2.4.6/jackson-annotations-2.4.6.jar, file:/C:/Users/Gary/.m2/repository/org/springframework/boot/spring-boot/1.2.6.RELEASE/spring-boot-1.2.6.RELEASE.jar, file:/C:/Users/Gary/.m2/repository/javax/validation/validation-api/1.1.0.Final/validation-api-1.1.0.Final.jar, file:/C:/Users/Gary/.m2/repository/org/apache/tomcat/embed/tomcat-embed-el/8.0.26/tomcat-embed-el-8.0.26.jar, file:/C:/Users/Gary/.m2/repository/dom4j/dom4j/1.6.1/dom4j-1.6.1.jar, file:/C:/Users/Gary/.m2/repository/org/springframework/spring-expression/4.1.7.RELEASE/spring-expression-4.1.7.RELEASE.jar, file:/C:/Users/Gary/.m2/repository/org/springframework/boot/spring-boot-starter-aop/1.2.6.RELEASE/spring-boot-starter-aop-1.2.6.RELEASE.jar, file:/C:/Users/Gary/.m2/repository/com/fasterxml/classmate/1.0.0/classmate-1.0.0.jar, file:/C:/Users/Gary/.m2/repository/org/springframework/boot/spring-boot-starter-jdbc/1.2.6.RELEASE/spring-boot-starter-jdbc-1.2.6.RELEASE.jar, file:/C:/Users/Gary/.m2/repository/org/springframework/spring-aspects/4.1.7.RELEASE/spring-aspects-4.1.7.RELEASE.jar, file:/C:/Users/Gary/.m2/repository/org/apache/tomcat/tomcat-jdbc/8.0.26/tomcat-jdbc-8.0.26.jar, file:/C:/Users/Gary/.m2/repository/org/hibernate/hibernate-core/4.3.11.Final/hibernate-core-4.3.11.Final.jar, file:/C:/Users/Gary/.m2/repository/org/springframework/spring-orm/4.1.7.RELEASE/spring-orm-4.1.7.RELEASE.jar, file:/C:/Users/Gary/.m2/repository/org/apache/tomcat/tomcat-juli/8.0.26/tomcat-juli-8.0.26.jar, file:/C:/Users/Gary/.m2/repository/org/springframework/boot/spring-boot-starter-data-jpa/1.2.6.RELEASE/spring-boot-starter-data-jpa-1.2.6.RELEASE.jar, file:/C:/Users/Gary/.m2/repository/org/springframework/boot/spring-boot-starter-log4j2/1.2.6.RELEASE/spring-boot-starter-log4j2-1.2.6.RELEASE.jar, file:/C:/Users/Gary/.m2/repository/org/jboss/jandex/1.1.0.Final/jandex-1.1.0.Final.jar, file:/C:/Users/Gary/.m2/repository/org/hibernate/javax/persistence/hibernate-jpa-2.1-api/1.0.0.Final/hibernate-jpa-2.1-api-1.0.0.Final.jar, file:/C:/Users/Gary/.m2/repository/org/slf4j/jul-to-slf4j/1.7.12/jul-to-slf4j-1.7.12.jar, file:/C:/Users/Gary/.m2/repository/com/fasterxml/jackson/core/jackson-databind/2.4.6/jackson-databind-2.4.6.jar, file:/C:/Users/Gary/.m2/repository/org/jboss/logging/jboss-logging/3.1.3.GA/jboss-logging-3.1.3.GA.jar, file:/C:/Users/Gary/.m2/repository/org/apache/tomcat/embed/tomcat-embed-websocket/8.0.26/tomcat-embed-websocket-8.0.26.jar, file:/C:/Users/Gary/.m2/repository/org/springframework/spring-webmvc/4.1.7.RELEASE/spring-webmvc-4.1.7.RELEASE.jar, file:/C:/Users/Gary/.m2/repository/org/hibernate/hibernate-entitymanager/4.3.11.Final/hibernate-entitymanager-4.3.11.Final.jar, file:/C:/Users/Gary/.m2/repository/org/apache/tomcat/embed/tomcat-embed-logging-juli/8.0.26/tomcat-embed-logging-juli-8.0.26.jar, file:/C:/Users/Gary/.m2/repository/org/hibernate/hibernate-validator/5.1.3.Final/hibernate-validator-5.1.3.Final.jar, file:/C:/Users/Gary/.m2/repository/org/javassist/javassist/3.18.1-GA/javassist-3.18.1-GA.jar, file:/C:/Users/Gary/.m2/repository/org/springframework/spring-context/4.1.7.RELEASE/spring-context-4.1.7.RELEASE.jar, file:/C:/Users/Gary/.m2/repository/org/apache/logging/log4j/log4j-api/2.1/log4j-api-2.1.jar, file:/C:/Users/Gary/.m2/repository/org/hibernate/common/hibernate-commons-annotations/4.0.5.Final/hibernate-commons-annotations-4.0.5.Final.jar, file:/C:/Users/Gary/.m2/repository/org/springframework/boot/spring-boot-starter-tomcat/1.2.6.RELEASE/spring-boot-starter-tomcat-1.2.6.RELEASE.jar, file:/C:/Users/Gary/.m2/repository/org/jboss/logging/jboss-logging-annotations/1.2.0.Beta1/jboss-logging-annotations-1.2.0.Beta1.jar, file:/C:/Users/Gary/.m2/repository/org/springframework/spring-web/4.1.7.RELEASE/spring-web-4.1.7.RELEASE.jar, file:/C:/Users/Gary/.m2/repository/com/google/protobuf/protobuf-java/3.6.1/protobuf-java-3.6.1.jar, file:/C:/Users/Gary/.m2/repository/javax/transaction/javax.transaction-api/1.2/javax.transaction-api-1.2.jar, file:/C:/Users/Gary/.m2/repository/org/springframework/spring-tx/4.1.7.RELEASE/spring-tx-4.1.7.RELEASE.jar, file:/C:/Users/Gary/.m2/repository/org/aspectj/aspectjrt/1.8.6/aspectjrt-1.8.6.jar, file:/C:/Users/Gary/.m2/repository/com/fasterxml/jackson/core/jackson-core/2.4.6/jackson-core-2.4.6.jar, file:/C:/Users/Gary/.m2/repository/org/springframework/boot/spring-boot-starter/1.2.6.RELEASE/spring-boot-starter-1.2.6.RELEASE.jar, file:/C:/Users/Gary/.m2/repository/org/springframework/spring-core/4.1.7.RELEASE/spring-core-4.1.7.RELEASE.jar]
2019-11-03 14:38:07.128  INFO Gary-C-Laptop
            --- [ment.App.main()] utoConfigurationReportLoggingInitializer : 

Error starting ApplicationContext. To display the auto-configuration report enable debug logging (start with --debug)


2019-11-03 14:38:07.132 ERROR Gary-C-Laptop
            --- [ment.App.main()] o.s.b.SpringApplication                  : Application startup failed
org.springframework.beans.factory.BeanCreationException: Error creating bean with name 'orderController': Injection of autowired dependencies failed; nested exception is org.springframework.beans.factory.BeanCreationException: Could not autowire field: private com.promineotech.inventoryManagement.service.OrderService com.promineotech.inventoryManagement.controller.OrderController.service; nested exception is org.springframework.beans.factory.NoSuchBeanDefinitionException: No qualifying bean of type [com.promineotech.inventoryManagement.service.OrderService] found for dependency: expected at least 1 bean which qualifies as autowire candidate for this dependency. Dependency annotations: {@org.springframework.beans.factory.annotation.Autowired(required=true)}
	at org.springframework.beans.factory.annotation.AutowiredAnnotationBeanPostProcessor.postProcessPropertyValues(AutowiredAnnotationBeanPostProcessor.java:334)
	at org.springframework.beans.factory.support.AbstractAutowireCapableBeanFactory.populateBean(AbstractAutowireCapableBeanFactory.java:1210)
	at org.springframework.beans.factory.support.AbstractAutowireCapableBeanFactory.doCreateBean(AbstractAutowireCapableBeanFactory.java:537)
	at org.springframework.beans.factory.support.AbstractAutowireCapableBeanFactory.createBean(AbstractAutowireCapableBeanFactory.java:476)
	at org.springframework.beans.factory.support.AbstractBeanFactory$1.getObject(AbstractBeanFactory.java:303)
	at org.springframework.beans.factory.support.DefaultSingletonBeanRegistry.getSingleton(DefaultSingletonBeanRegistry.java:230)
	at org.springframework.beans.factory.support.AbstractBeanFactory.doGetBean(AbstractBeanFactory.java:299)
	at org.springframework.beans.factory.support.AbstractBeanFactory.getBean(AbstractBeanFactory.java:194)
	at org.springframework.beans.factory.support.DefaultListableBeanFactory.preInstantiateSingletons(DefaultListableBeanFactory.java:755)
	at org.springframework.context.support.AbstractApplicationContext.finishBeanFactoryInitialization(AbstractApplicationContext.java:757)
	at org.springframework.context.support.AbstractApplicationContext.refresh(AbstractApplicationContext.java:480)
	at org.springframework.boot.context.embedded.EmbeddedWebApplicationContext.refresh(EmbeddedWebApplicationContext.java:118)
	at org.springframework.boot.SpringApplication.refresh(SpringApplication.java:687)
	at org.springframework.boot.SpringApplication.run(SpringApplication.java:321)
	at org.springframework.boot.SpringApplication.run(SpringApplication.java:967)
	at org.springframework.boot.SpringApplication.run(SpringApplication.java:956)
	at com.promineotech.inventoryManagement.App.main(App.java:12)
	at sun.reflect.NativeMethodAccessorImpl.invoke0(Native Method)
	at sun.reflect.NativeMethodAccessorImpl.invoke(NativeMethodAccessorImpl.java:62)
	at sun.reflect.DelegatingMethodAccessorImpl.invoke(DelegatingMethodAccessorImpl.java:43)
	at java.lang.reflect.Method.invoke(Method.java:498)
	at org.springframework.boot.maven.RunMojo$LaunchRunner.run(RunMojo.java:418)
	at java.lang.Thread.run(Thread.java:748)
Caused by: org.springframework.beans.factory.BeanCreationException: Could not autowire field: private com.promineotech.inventoryManagement.service.OrderService com.promineotech.inventoryManagement.controller.OrderController.service; nested exception is org.springframework.beans.factory.NoSuchBeanDefinitionException: No qualifying bean of type [com.promineotech.inventoryManagement.service.OrderService] found for dependency: expected at least 1 bean which qualifies as autowire candidate for this dependency. Dependency annotations: {@org.springframework.beans.factory.annotation.Autowired(required=true)}
	at org.springframework.beans.factory.annotation.AutowiredAnnotationBeanPostProcessor$AutowiredFieldElement.inject(AutowiredAnnotationBeanPostProcessor.java:561)
	at org.springframework.beans.factory.annotation.InjectionMetadata.inject(InjectionMetadata.java:88)
	at org.springframework.beans.factory.annotation.AutowiredAnnotationBeanPostProcessor.postProcessPropertyValues(AutowiredAnnotationBeanPostProcessor.java:331)
	... 22 more
Caused by: org.springframework.beans.factory.NoSuchBeanDefinitionException: No qualifying bean of type [com.promineotech.inventoryManagement.service.OrderService] found for dependency: expected at least 1 bean which qualifies as autowire candidate for this dependency. Dependency annotations: {@org.springframework.beans.factory.annotation.Autowired(required=true)}
	at org.springframework.beans.factory.support.DefaultListableBeanFactory.raiseNoSuchBeanDefinitionException(DefaultListableBeanFactory.java:1301)
	at org.springframework.beans.factory.support.DefaultListableBeanFactory.doResolveDependency(DefaultListableBeanFactory.java:1047)
	at org.springframework.beans.factory.support.DefaultListableBeanFactory.resolveDependency(DefaultListableBeanFactory.java:942)
	at org.springframework.beans.factory.annotation.AutowiredAnnotationBeanPostProcessor$AutowiredFieldElement.inject(AutowiredAnnotationBeanPostProcessor.java:533)
	... 24 more
2019-11-03 14:40:53.521  INFO Gary-C-Laptop
            --- [ment.App.main()] c.p.i.App                                : Starting App on Gary-C-Laptop with PID 6904 (started by Gary in C:\Coleman\Development\Promineo Tech\3.Spring\Week 2\InventoryManagement)
2019-11-03 14:40:53.558  INFO Gary-C-Laptop
            --- [ment.App.main()] ationConfigEmbeddedWebApplicationContext : Refreshing org.springframework.boot.context.embedded.AnnotationConfigEmbeddedWebApplicationContext@2480e012: startup date [Sun Nov 03 14:40:53 MST 2019]; root of context hierarchy
2019-11-03 14:40:54.319  INFO Gary-C-Laptop
            --- [ment.App.main()] o.s.b.f.s.DefaultListableBeanFactory     : Overriding bean definition for bean 'beanNameViewResolver': replacing [Root bean: class [null]; scope=; abstract=false; lazyInit=false; autowireMode=3; dependencyCheck=0; autowireCandidate=true; primary=false; factoryBeanName=org.springframework.boot.autoconfigure.web.ErrorMvcAutoConfiguration$WhitelabelErrorViewConfiguration; factoryMethodName=beanNameViewResolver; initMethodName=null; destroyMethodName=(inferred); defined in class path resource [org/springframework/boot/autoconfigure/web/ErrorMvcAutoConfiguration$WhitelabelErrorViewConfiguration.class]] with [Root bean: class [null]; scope=; abstract=false; lazyInit=false; autowireMode=3; dependencyCheck=0; autowireCandidate=true; primary=false; factoryBeanName=org.springframework.boot.autoconfigure.web.WebMvcAutoConfiguration$WebMvcAutoConfigurationAdapter; factoryMethodName=beanNameViewResolver; initMethodName=null; destroyMethodName=(inferred); defined in class path resource [org/springframework/boot/autoconfigure/web/WebMvcAutoConfiguration$WebMvcAutoConfigurationAdapter.class]]
2019-11-03 14:40:54.847  INFO Gary-C-Laptop
            --- [ment.App.main()] o.h.v.i.u.Version                        : HV000001: Hibernate Validator 5.1.3.Final
2019-11-03 14:40:55.047  INFO Gary-C-Laptop
            --- [ment.App.main()] trationDelegate$BeanPostProcessorChecker : Bean 'org.springframework.transaction.annotation.ProxyTransactionManagementConfiguration' of type [class org.springframework.transaction.annotation.ProxyTransactionManagementConfiguration$$EnhancerBySpringCGLIB$$f0e33ff3] is not eligible for getting processed by all BeanPostProcessors (for example: not eligible for auto-proxying)
2019-11-03 14:40:55.081  INFO Gary-C-Laptop
            --- [ment.App.main()] trationDelegate$BeanPostProcessorChecker : Bean 'transactionAttributeSource' of type [class org.springframework.transaction.annotation.AnnotationTransactionAttributeSource] is not eligible for getting processed by all BeanPostProcessors (for example: not eligible for auto-proxying)
2019-11-03 14:40:55.094  INFO Gary-C-Laptop
            --- [ment.App.main()] trationDelegate$BeanPostProcessorChecker : Bean 'transactionInterceptor' of type [class org.springframework.transaction.interceptor.TransactionInterceptor] is not eligible for getting processed by all BeanPostProcessors (for example: not eligible for auto-proxying)
2019-11-03 14:40:55.100  INFO Gary-C-Laptop
            --- [ment.App.main()] trationDelegate$BeanPostProcessorChecker : Bean 'org.springframework.transaction.config.internalTransactionAdvisor' of type [class org.springframework.transaction.interceptor.BeanFactoryTransactionAttributeSourceAdvisor] is not eligible for getting processed by all BeanPostProcessors (for example: not eligible for auto-proxying)
2019-11-03 14:40:55.809  INFO Gary-C-Laptop
            --- [ment.App.main()] s.b.c.e.t.TomcatEmbeddedServletContainer : Tomcat initialized with port(s): 8080 (http)
2019-11-03 14:40:55.994  INFO Gary-C-Laptop
            --- [ment.App.main()] o.a.c.c.StandardService                  : Starting service Tomcat
2019-11-03 14:40:55.998  INFO Gary-C-Laptop
            --- [ment.App.main()] o.a.c.c.StandardEngine                   : Starting Servlet Engine: Apache Tomcat/8.0.26
2019-11-03 14:40:56.254  INFO Gary-C-Laptop
            --- [ost-startStop-1] o.a.c.c.C.[.[.[/]                        : Initializing Spring embedded WebApplicationContext
2019-11-03 14:40:56.256  INFO Gary-C-Laptop
            --- [ost-startStop-1] o.s.w.c.ContextLoader                    : Root WebApplicationContext: initialization completed in 2701 ms
2019-11-03 14:40:56.987  INFO Gary-C-Laptop
            --- [ost-startStop-1] o.s.b.c.e.ServletRegistrationBean        : Mapping servlet: 'dispatcherServlet' to [/]
2019-11-03 14:40:56.987  INFO Gary-C-Laptop
            --- [ost-startStop-1] o.s.b.c.e.FilterRegistrationBean         : Mapping filter: 'characterEncodingFilter' to: [/*]
2019-11-03 14:40:56.987  INFO Gary-C-Laptop
            --- [ost-startStop-1] o.s.b.c.e.FilterRegistrationBean         : Mapping filter: 'hiddenHttpMethodFilter' to: [/*]
2019-11-03 14:40:57.269  INFO Gary-C-Laptop
            --- [ment.App.main()] j.LocalContainerEntityManagerFactoryBean : Building JPA container EntityManagerFactory for persistence unit 'default'
2019-11-03 14:40:57.285  INFO Gary-C-Laptop
            --- [ment.App.main()] o.h.j.i.u.LogHelper                      : HHH000204: Processing PersistenceUnitInfo [
	name: default
	...]
2019-11-03 14:40:57.395  INFO Gary-C-Laptop
            --- [ment.App.main()] o.h.Version                              : HHH000412: Hibernate Core {4.3.11.Final}
2019-11-03 14:40:57.398  INFO Gary-C-Laptop
            --- [ment.App.main()] o.h.c.Environment                        : HHH000206: hibernate.properties not found
2019-11-03 14:40:57.402  INFO Gary-C-Laptop
            --- [ment.App.main()] o.h.c.Environment                        : HHH000021: Bytecode provider name : javassist
2019-11-03 14:40:57.596  INFO Gary-C-Laptop
            --- [ment.App.main()] o.h.a.c.Version                          : HCANN000001: Hibernate Commons Annotations {4.0.5.Final}
2019-11-03 14:40:58.581  INFO Gary-C-Laptop
            --- [ment.App.main()] o.h.d.Dialect                            : HHH000400: Using dialect: org.hibernate.dialect.MySQL5Dialect
2019-11-03 14:40:58.799  INFO Gary-C-Laptop
            --- [ment.App.main()] o.h.h.i.a.ASTQueryTranslatorFactory      : HHH000397: Using ASTQueryTranslatorFactory
2019-11-03 14:40:59.175  INFO Gary-C-Laptop
            --- [ment.App.main()] o.h.t.h.SchemaExport                     : HHH000227: Running hbm2ddl schema export
2019-11-03 14:40:59.979  INFO Gary-C-Laptop
            --- [ment.App.main()] o.h.t.h.SchemaExport                     : HHH000230: Schema export complete
2019-11-03 14:41:00.296  WARN Gary-C-Laptop
            --- [ment.App.main()] ationConfigEmbeddedWebApplicationContext : Exception encountered during context initialization - cancelling refresh attempt
org.springframework.beans.factory.BeanCreationException: Error creating bean with name 'orderController': Injection of autowired dependencies failed; nested exception is org.springframework.beans.factory.BeanCreationException: Could not autowire field: private com.promineotech.inventoryManagement.service.OrderService com.promineotech.inventoryManagement.controller.OrderController.service; nested exception is org.springframework.beans.factory.NoSuchBeanDefinitionException: No qualifying bean of type [com.promineotech.inventoryManagement.service.OrderService] found for dependency: expected at least 1 bean which qualifies as autowire candidate for this dependency. Dependency annotations: {@org.springframework.beans.factory.annotation.Autowired(required=true)}
	at org.springframework.beans.factory.annotation.AutowiredAnnotationBeanPostProcessor.postProcessPropertyValues(AutowiredAnnotationBeanPostProcessor.java:334)
	at org.springframework.beans.factory.support.AbstractAutowireCapableBeanFactory.populateBean(AbstractAutowireCapableBeanFactory.java:1210)
	at org.springframework.beans.factory.support.AbstractAutowireCapableBeanFactory.doCreateBean(AbstractAutowireCapableBeanFactory.java:537)
	at org.springframework.beans.factory.support.AbstractAutowireCapableBeanFactory.createBean(AbstractAutowireCapableBeanFactory.java:476)
	at org.springframework.beans.factory.support.AbstractBeanFactory$1.getObject(AbstractBeanFactory.java:303)
	at org.springframework.beans.factory.support.DefaultSingletonBeanRegistry.getSingleton(DefaultSingletonBeanRegistry.java:230)
	at org.springframework.beans.factory.support.AbstractBeanFactory.doGetBean(AbstractBeanFactory.java:299)
	at org.springframework.beans.factory.support.AbstractBeanFactory.getBean(AbstractBeanFactory.java:194)
	at org.springframework.beans.factory.support.DefaultListableBeanFactory.preInstantiateSingletons(DefaultListableBeanFactory.java:755)
	at org.springframework.context.support.AbstractApplicationContext.finishBeanFactoryInitialization(AbstractApplicationContext.java:757)
	at org.springframework.context.support.AbstractApplicationContext.refresh(AbstractApplicationContext.java:480)
	at org.springframework.boot.context.embedded.EmbeddedWebApplicationContext.refresh(EmbeddedWebApplicationContext.java:118)
	at org.springframework.boot.SpringApplication.refresh(SpringApplication.java:687)
	at org.springframework.boot.SpringApplication.run(SpringApplication.java:321)
	at org.springframework.boot.SpringApplication.run(SpringApplication.java:967)
	at org.springframework.boot.SpringApplication.run(SpringApplication.java:956)
	at com.promineotech.inventoryManagement.App.main(App.java:12)
	at sun.reflect.NativeMethodAccessorImpl.invoke0(Native Method)
	at sun.reflect.NativeMethodAccessorImpl.invoke(NativeMethodAccessorImpl.java:62)
	at sun.reflect.DelegatingMethodAccessorImpl.invoke(DelegatingMethodAccessorImpl.java:43)
	at java.lang.reflect.Method.invoke(Method.java:498)
	at org.springframework.boot.maven.RunMojo$LaunchRunner.run(RunMojo.java:418)
	at java.lang.Thread.run(Thread.java:748)
Caused by: org.springframework.beans.factory.BeanCreationException: Could not autowire field: private com.promineotech.inventoryManagement.service.OrderService com.promineotech.inventoryManagement.controller.OrderController.service; nested exception is org.springframework.beans.factory.NoSuchBeanDefinitionException: No qualifying bean of type [com.promineotech.inventoryManagement.service.OrderService] found for dependency: expected at least 1 bean which qualifies as autowire candidate for this dependency. Dependency annotations: {@org.springframework.beans.factory.annotation.Autowired(required=true)}
	at org.springframework.beans.factory.annotation.AutowiredAnnotationBeanPostProcessor$AutowiredFieldElement.inject(AutowiredAnnotationBeanPostProcessor.java:561)
	at org.springframework.beans.factory.annotation.InjectionMetadata.inject(InjectionMetadata.java:88)
	at org.springframework.beans.factory.annotation.AutowiredAnnotationBeanPostProcessor.postProcessPropertyValues(AutowiredAnnotationBeanPostProcessor.java:331)
	... 22 more
Caused by: org.springframework.beans.factory.NoSuchBeanDefinitionException: No qualifying bean of type [com.promineotech.inventoryManagement.service.OrderService] found for dependency: expected at least 1 bean which qualifies as autowire candidate for this dependency. Dependency annotations: {@org.springframework.beans.factory.annotation.Autowired(required=true)}
	at org.springframework.beans.factory.support.DefaultListableBeanFactory.raiseNoSuchBeanDefinitionException(DefaultListableBeanFactory.java:1301)
	at org.springframework.beans.factory.support.DefaultListableBeanFactory.doResolveDependency(DefaultListableBeanFactory.java:1047)
	at org.springframework.beans.factory.support.DefaultListableBeanFactory.resolveDependency(DefaultListableBeanFactory.java:942)
	at org.springframework.beans.factory.annotation.AutowiredAnnotationBeanPostProcessor$AutowiredFieldElement.inject(AutowiredAnnotationBeanPostProcessor.java:533)
	... 24 more
2019-11-03 14:41:00.303  INFO Gary-C-Laptop
            --- [ment.App.main()] j.LocalContainerEntityManagerFactoryBean : Closing JPA EntityManagerFactory for persistence unit 'default'
2019-11-03 14:41:00.311  INFO Gary-C-Laptop
            --- [ment.App.main()] o.a.c.c.StandardService                  : Stopping service Tomcat
2019-11-03 14:41:00.324  INFO Gary-C-Laptop
            --- [ment.App.main()] .b.l.ClasspathLoggingApplicationListener : Application failed to start with classpath: [file:/C:/Coleman/Development/Promineo%20Tech/3.Spring/Week%202/InventoryManagement/src/main/resources/, file:/C:/Coleman/Development/Promineo%20Tech/3.Spring/Week%202/InventoryManagement/src/main/resources/, file:/C:/Coleman/Development/Promineo%20Tech/3.Spring/Week%202/InventoryManagement/target/classes/, file:/C:/Users/Gary/.m2/repository/org/springframework/data/spring-data-jpa/1.7.3.RELEASE/spring-data-jpa-1.7.3.RELEASE.jar, file:/C:/Users/Gary/.m2/repository/org/yaml/snakeyaml/1.14/snakeyaml-1.14.jar, file:/C:/Users/Gary/.m2/repository/aopalliance/aopalliance/1.0/aopalliance-1.0.jar, file:/C:/Users/Gary/.m2/repository/org/springframework/spring-beans/4.1.7.RELEASE/spring-beans-4.1.7.RELEASE.jar, file:/C:/Users/Gary/.m2/repository/org/apache/logging/log4j/log4j-core/2.1/log4j-core-2.1.jar, file:/C:/Users/Gary/.m2/repository/org/slf4j/slf4j-api/1.7.12/slf4j-api-1.7.12.jar, file:/C:/Users/Gary/.m2/repository/xml-apis/xml-apis/1.0.b2/xml-apis-1.0.b2.jar, file:/C:/Users/Gary/.m2/repository/org/slf4j/jcl-over-slf4j/1.7.12/jcl-over-slf4j-1.7.12.jar, file:/C:/Users/Gary/.m2/repository/antlr/antlr/2.7.7/antlr-2.7.7.jar, file:/C:/Users/Gary/.m2/repository/org/springframework/data/spring-data-commons/1.9.3.RELEASE/spring-data-commons-1.9.3.RELEASE.jar, file:/C:/Users/Gary/.m2/repository/org/springframework/spring-jdbc/4.1.7.RELEASE/spring-jdbc-4.1.7.RELEASE.jar, file:/C:/Users/Gary/.m2/repository/org/apache/logging/log4j/log4j-slf4j-impl/2.1/log4j-slf4j-impl-2.1.jar, file:/C:/Users/Gary/.m2/repository/org/springframework/spring-aop/4.1.7.RELEASE/spring-aop-4.1.7.RELEASE.jar, file:/C:/Users/Gary/.m2/repository/org/springframework/security/spring-security-crypto/5.1.2.RELEASE/spring-security-crypto-5.1.2.RELEASE.jar, file:/C:/Users/Gary/.m2/repository/org/springframework/boot/spring-boot-autoconfigure/1.2.6.RELEASE/spring-boot-autoconfigure-1.2.6.RELEASE.jar, file:/C:/Users/Gary/.m2/repository/org/apache/tomcat/embed/tomcat-embed-core/8.0.26/tomcat-embed-core-8.0.26.jar, file:/C:/Users/Gary/.m2/repository/mysql/mysql-connector-java/8.0.17/mysql-connector-java-8.0.17.jar, file:/C:/Users/Gary/.m2/repository/org/aspectj/aspectjweaver/1.8.6/aspectjweaver-1.8.6.jar, file:/C:/Users/Gary/.m2/repository/org/springframework/boot/spring-boot-starter-web/1.2.6.RELEASE/spring-boot-starter-web-1.2.6.RELEASE.jar, file:/C:/Users/Gary/.m2/repository/com/fasterxml/jackson/core/jackson-annotations/2.4.6/jackson-annotations-2.4.6.jar, file:/C:/Users/Gary/.m2/repository/org/springframework/boot/spring-boot/1.2.6.RELEASE/spring-boot-1.2.6.RELEASE.jar, file:/C:/Users/Gary/.m2/repository/javax/validation/validation-api/1.1.0.Final/validation-api-1.1.0.Final.jar, file:/C:/Users/Gary/.m2/repository/org/apache/tomcat/embed/tomcat-embed-el/8.0.26/tomcat-embed-el-8.0.26.jar, file:/C:/Users/Gary/.m2/repository/dom4j/dom4j/1.6.1/dom4j-1.6.1.jar, file:/C:/Users/Gary/.m2/repository/org/springframework/spring-expression/4.1.7.RELEASE/spring-expression-4.1.7.RELEASE.jar, file:/C:/Users/Gary/.m2/repository/org/springframework/boot/spring-boot-starter-aop/1.2.6.RELEASE/spring-boot-starter-aop-1.2.6.RELEASE.jar, file:/C:/Users/Gary/.m2/repository/com/fasterxml/classmate/1.0.0/classmate-1.0.0.jar, file:/C:/Users/Gary/.m2/repository/org/springframework/boot/spring-boot-starter-jdbc/1.2.6.RELEASE/spring-boot-starter-jdbc-1.2.6.RELEASE.jar, file:/C:/Users/Gary/.m2/repository/org/springframework/spring-aspects/4.1.7.RELEASE/spring-aspects-4.1.7.RELEASE.jar, file:/C:/Users/Gary/.m2/repository/org/apache/tomcat/tomcat-jdbc/8.0.26/tomcat-jdbc-8.0.26.jar, file:/C:/Users/Gary/.m2/repository/org/hibernate/hibernate-core/4.3.11.Final/hibernate-core-4.3.11.Final.jar, file:/C:/Users/Gary/.m2/repository/org/springframework/spring-orm/4.1.7.RELEASE/spring-orm-4.1.7.RELEASE.jar, file:/C:/Users/Gary/.m2/repository/org/apache/tomcat/tomcat-juli/8.0.26/tomcat-juli-8.0.26.jar, file:/C:/Users/Gary/.m2/repository/org/springframework/boot/spring-boot-starter-data-jpa/1.2.6.RELEASE/spring-boot-starter-data-jpa-1.2.6.RELEASE.jar, file:/C:/Users/Gary/.m2/repository/org/springframework/boot/spring-boot-starter-log4j2/1.2.6.RELEASE/spring-boot-starter-log4j2-1.2.6.RELEASE.jar, file:/C:/Users/Gary/.m2/repository/org/jboss/jandex/1.1.0.Final/jandex-1.1.0.Final.jar, file:/C:/Users/Gary/.m2/repository/org/hibernate/javax/persistence/hibernate-jpa-2.1-api/1.0.0.Final/hibernate-jpa-2.1-api-1.0.0.Final.jar, file:/C:/Users/Gary/.m2/repository/org/slf4j/jul-to-slf4j/1.7.12/jul-to-slf4j-1.7.12.jar, file:/C:/Users/Gary/.m2/repository/com/fasterxml/jackson/core/jackson-databind/2.4.6/jackson-databind-2.4.6.jar, file:/C:/Users/Gary/.m2/repository/org/jboss/logging/jboss-logging/3.1.3.GA/jboss-logging-3.1.3.GA.jar, file:/C:/Users/Gary/.m2/repository/org/apache/tomcat/embed/tomcat-embed-websocket/8.0.26/tomcat-embed-websocket-8.0.26.jar, file:/C:/Users/Gary/.m2/repository/org/springframework/spring-webmvc/4.1.7.RELEASE/spring-webmvc-4.1.7.RELEASE.jar, file:/C:/Users/Gary/.m2/repository/org/hibernate/hibernate-entitymanager/4.3.11.Final/hibernate-entitymanager-4.3.11.Final.jar, file:/C:/Users/Gary/.m2/repository/org/apache/tomcat/embed/tomcat-embed-logging-juli/8.0.26/tomcat-embed-logging-juli-8.0.26.jar, file:/C:/Users/Gary/.m2/repository/org/hibernate/hibernate-validator/5.1.3.Final/hibernate-validator-5.1.3.Final.jar, file:/C:/Users/Gary/.m2/repository/org/javassist/javassist/3.18.1-GA/javassist-3.18.1-GA.jar, file:/C:/Users/Gary/.m2/repository/org/springframework/spring-context/4.1.7.RELEASE/spring-context-4.1.7.RELEASE.jar, file:/C:/Users/Gary/.m2/repository/org/apache/logging/log4j/log4j-api/2.1/log4j-api-2.1.jar, file:/C:/Users/Gary/.m2/repository/org/hibernate/common/hibernate-commons-annotations/4.0.5.Final/hibernate-commons-annotations-4.0.5.Final.jar, file:/C:/Users/Gary/.m2/repository/org/springframework/boot/spring-boot-starter-tomcat/1.2.6.RELEASE/spring-boot-starter-tomcat-1.2.6.RELEASE.jar, file:/C:/Users/Gary/.m2/repository/org/jboss/logging/jboss-logging-annotations/1.2.0.Beta1/jboss-logging-annotations-1.2.0.Beta1.jar, file:/C:/Users/Gary/.m2/repository/org/springframework/spring-web/4.1.7.RELEASE/spring-web-4.1.7.RELEASE.jar, file:/C:/Users/Gary/.m2/repository/com/google/protobuf/protobuf-java/3.6.1/protobuf-java-3.6.1.jar, file:/C:/Users/Gary/.m2/repository/javax/transaction/javax.transaction-api/1.2/javax.transaction-api-1.2.jar, file:/C:/Users/Gary/.m2/repository/org/springframework/spring-tx/4.1.7.RELEASE/spring-tx-4.1.7.RELEASE.jar, file:/C:/Users/Gary/.m2/repository/org/aspectj/aspectjrt/1.8.6/aspectjrt-1.8.6.jar, file:/C:/Users/Gary/.m2/repository/com/fasterxml/jackson/core/jackson-core/2.4.6/jackson-core-2.4.6.jar, file:/C:/Users/Gary/.m2/repository/org/springframework/boot/spring-boot-starter/1.2.6.RELEASE/spring-boot-starter-1.2.6.RELEASE.jar, file:/C:/Users/Gary/.m2/repository/org/springframework/spring-core/4.1.7.RELEASE/spring-core-4.1.7.RELEASE.jar]
2019-11-03 14:41:00.330  INFO Gary-C-Laptop
            --- [ment.App.main()] utoConfigurationReportLoggingInitializer : 

Error starting ApplicationContext. To display the auto-configuration report enable debug logging (start with --debug)


2019-11-03 14:41:00.335 ERROR Gary-C-Laptop
            --- [ment.App.main()] o.s.b.SpringApplication                  : Application startup failed
org.springframework.beans.factory.BeanCreationException: Error creating bean with name 'orderController': Injection of autowired dependencies failed; nested exception is org.springframework.beans.factory.BeanCreationException: Could not autowire field: private com.promineotech.inventoryManagement.service.OrderService com.promineotech.inventoryManagement.controller.OrderController.service; nested exception is org.springframework.beans.factory.NoSuchBeanDefinitionException: No qualifying bean of type [com.promineotech.inventoryManagement.service.OrderService] found for dependency: expected at least 1 bean which qualifies as autowire candidate for this dependency. Dependency annotations: {@org.springframework.beans.factory.annotation.Autowired(required=true)}
	at org.springframework.beans.factory.annotation.AutowiredAnnotationBeanPostProcessor.postProcessPropertyValues(AutowiredAnnotationBeanPostProcessor.java:334)
	at org.springframework.beans.factory.support.AbstractAutowireCapableBeanFactory.populateBean(AbstractAutowireCapableBeanFactory.java:1210)
	at org.springframework.beans.factory.support.AbstractAutowireCapableBeanFactory.doCreateBean(AbstractAutowireCapableBeanFactory.java:537)
	at org.springframework.beans.factory.support.AbstractAutowireCapableBeanFactory.createBean(AbstractAutowireCapableBeanFactory.java:476)
	at org.springframework.beans.factory.support.AbstractBeanFactory$1.getObject(AbstractBeanFactory.java:303)
	at org.springframework.beans.factory.support.DefaultSingletonBeanRegistry.getSingleton(DefaultSingletonBeanRegistry.java:230)
	at org.springframework.beans.factory.support.AbstractBeanFactory.doGetBean(AbstractBeanFactory.java:299)
	at org.springframework.beans.factory.support.AbstractBeanFactory.getBean(AbstractBeanFactory.java:194)
	at org.springframework.beans.factory.support.DefaultListableBeanFactory.preInstantiateSingletons(DefaultListableBeanFactory.java:755)
	at org.springframework.context.support.AbstractApplicationContext.finishBeanFactoryInitialization(AbstractApplicationContext.java:757)
	at org.springframework.context.support.AbstractApplicationContext.refresh(AbstractApplicationContext.java:480)
	at org.springframework.boot.context.embedded.EmbeddedWebApplicationContext.refresh(EmbeddedWebApplicationContext.java:118)
	at org.springframework.boot.SpringApplication.refresh(SpringApplication.java:687)
	at org.springframework.boot.SpringApplication.run(SpringApplication.java:321)
	at org.springframework.boot.SpringApplication.run(SpringApplication.java:967)
	at org.springframework.boot.SpringApplication.run(SpringApplication.java:956)
	at com.promineotech.inventoryManagement.App.main(App.java:12)
	at sun.reflect.NativeMethodAccessorImpl.invoke0(Native Method)
	at sun.reflect.NativeMethodAccessorImpl.invoke(NativeMethodAccessorImpl.java:62)
	at sun.reflect.DelegatingMethodAccessorImpl.invoke(DelegatingMethodAccessorImpl.java:43)
	at java.lang.reflect.Method.invoke(Method.java:498)
	at org.springframework.boot.maven.RunMojo$LaunchRunner.run(RunMojo.java:418)
	at java.lang.Thread.run(Thread.java:748)
Caused by: org.springframework.beans.factory.BeanCreationException: Could not autowire field: private com.promineotech.inventoryManagement.service.OrderService com.promineotech.inventoryManagement.controller.OrderController.service; nested exception is org.springframework.beans.factory.NoSuchBeanDefinitionException: No qualifying bean of type [com.promineotech.inventoryManagement.service.OrderService] found for dependency: expected at least 1 bean which qualifies as autowire candidate for this dependency. Dependency annotations: {@org.springframework.beans.factory.annotation.Autowired(required=true)}
	at org.springframework.beans.factory.annotation.AutowiredAnnotationBeanPostProcessor$AutowiredFieldElement.inject(AutowiredAnnotationBeanPostProcessor.java:561)
	at org.springframework.beans.factory.annotation.InjectionMetadata.inject(InjectionMetadata.java:88)
	at org.springframework.beans.factory.annotation.AutowiredAnnotationBeanPostProcessor.postProcessPropertyValues(AutowiredAnnotationBeanPostProcessor.java:331)
	... 22 more
Caused by: org.springframework.beans.factory.NoSuchBeanDefinitionException: No qualifying bean of type [com.promineotech.inventoryManagement.service.OrderService] found for dependency: expected at least 1 bean which qualifies as autowire candidate for this dependency. Dependency annotations: {@org.springframework.beans.factory.annotation.Autowired(required=true)}
	at org.springframework.beans.factory.support.DefaultListableBeanFactory.raiseNoSuchBeanDefinitionException(DefaultListableBeanFactory.java:1301)
	at org.springframework.beans.factory.support.DefaultListableBeanFactory.doResolveDependency(DefaultListableBeanFactory.java:1047)
	at org.springframework.beans.factory.support.DefaultListableBeanFactory.resolveDependency(DefaultListableBeanFactory.java:942)
	at org.springframework.beans.factory.annotation.AutowiredAnnotationBeanPostProcessor$AutowiredFieldElement.inject(AutowiredAnnotationBeanPostProcessor.java:533)
	... 24 more
2019-11-03 14:42:44.043  INFO Gary-C-Laptop
            --- [ment.App.main()] c.p.i.App                                : Starting App on Gary-C-Laptop with PID 15684 (started by Gary in C:\Coleman\Development\Promineo Tech\3.Spring\Week 2\InventoryManagement)
2019-11-03 14:42:44.090  INFO Gary-C-Laptop
            --- [ment.App.main()] ationConfigEmbeddedWebApplicationContext : Refreshing org.springframework.boot.context.embedded.AnnotationConfigEmbeddedWebApplicationContext@b803e54: startup date [Sun Nov 03 14:42:44 MST 2019]; root of context hierarchy
2019-11-03 14:42:44.747  INFO Gary-C-Laptop
            --- [ment.App.main()] o.s.b.f.s.DefaultListableBeanFactory     : Overriding bean definition for bean 'beanNameViewResolver': replacing [Root bean: class [null]; scope=; abstract=false; lazyInit=false; autowireMode=3; dependencyCheck=0; autowireCandidate=true; primary=false; factoryBeanName=org.springframework.boot.autoconfigure.web.ErrorMvcAutoConfiguration$WhitelabelErrorViewConfiguration; factoryMethodName=beanNameViewResolver; initMethodName=null; destroyMethodName=(inferred); defined in class path resource [org/springframework/boot/autoconfigure/web/ErrorMvcAutoConfiguration$WhitelabelErrorViewConfiguration.class]] with [Root bean: class [null]; scope=; abstract=false; lazyInit=false; autowireMode=3; dependencyCheck=0; autowireCandidate=true; primary=false; factoryBeanName=org.springframework.boot.autoconfigure.web.WebMvcAutoConfiguration$WebMvcAutoConfigurationAdapter; factoryMethodName=beanNameViewResolver; initMethodName=null; destroyMethodName=(inferred); defined in class path resource [org/springframework/boot/autoconfigure/web/WebMvcAutoConfiguration$WebMvcAutoConfigurationAdapter.class]]
2019-11-03 14:42:45.325  INFO Gary-C-Laptop
            --- [ment.App.main()] o.h.v.i.u.Version                        : HV000001: Hibernate Validator 5.1.3.Final
2019-11-03 14:42:45.497  INFO Gary-C-Laptop
            --- [ment.App.main()] trationDelegate$BeanPostProcessorChecker : Bean 'org.springframework.transaction.annotation.ProxyTransactionManagementConfiguration' of type [class org.springframework.transaction.annotation.ProxyTransactionManagementConfiguration$$EnhancerBySpringCGLIB$$c9f12254] is not eligible for getting processed by all BeanPostProcessors (for example: not eligible for auto-proxying)
2019-11-03 14:42:45.528  INFO Gary-C-Laptop
            --- [ment.App.main()] trationDelegate$BeanPostProcessorChecker : Bean 'transactionAttributeSource' of type [class org.springframework.transaction.annotation.AnnotationTransactionAttributeSource] is not eligible for getting processed by all BeanPostProcessors (for example: not eligible for auto-proxying)
2019-11-03 14:42:45.544  INFO Gary-C-Laptop
            --- [ment.App.main()] trationDelegate$BeanPostProcessorChecker : Bean 'transactionInterceptor' of type [class org.springframework.transaction.interceptor.TransactionInterceptor] is not eligible for getting processed by all BeanPostProcessors (for example: not eligible for auto-proxying)
2019-11-03 14:42:45.544  INFO Gary-C-Laptop
            --- [ment.App.main()] trationDelegate$BeanPostProcessorChecker : Bean 'org.springframework.transaction.config.internalTransactionAdvisor' of type [class org.springframework.transaction.interceptor.BeanFactoryTransactionAttributeSourceAdvisor] is not eligible for getting processed by all BeanPostProcessors (for example: not eligible for auto-proxying)
2019-11-03 14:42:46.153  INFO Gary-C-Laptop
            --- [ment.App.main()] s.b.c.e.t.TomcatEmbeddedServletContainer : Tomcat initialized with port(s): 8080 (http)
2019-11-03 14:42:46.294  INFO Gary-C-Laptop
            --- [ment.App.main()] o.a.c.c.StandardService                  : Starting service Tomcat
2019-11-03 14:42:46.294  INFO Gary-C-Laptop
            --- [ment.App.main()] o.a.c.c.StandardEngine                   : Starting Servlet Engine: Apache Tomcat/8.0.26
2019-11-03 14:42:46.419  INFO Gary-C-Laptop
            --- [ost-startStop-1] o.a.c.c.C.[.[.[/]                        : Initializing Spring embedded WebApplicationContext
2019-11-03 14:42:46.419  INFO Gary-C-Laptop
            --- [ost-startStop-1] o.s.w.c.ContextLoader                    : Root WebApplicationContext: initialization completed in 2329 ms
2019-11-03 14:42:47.138  INFO Gary-C-Laptop
            --- [ost-startStop-1] o.s.b.c.e.ServletRegistrationBean        : Mapping servlet: 'dispatcherServlet' to [/]
2019-11-03 14:42:47.138  INFO Gary-C-Laptop
            --- [ost-startStop-1] o.s.b.c.e.FilterRegistrationBean         : Mapping filter: 'characterEncodingFilter' to: [/*]
2019-11-03 14:42:47.138  INFO Gary-C-Laptop
            --- [ost-startStop-1] o.s.b.c.e.FilterRegistrationBean         : Mapping filter: 'hiddenHttpMethodFilter' to: [/*]
2019-11-03 14:42:47.404  INFO Gary-C-Laptop
            --- [ment.App.main()] j.LocalContainerEntityManagerFactoryBean : Building JPA container EntityManagerFactory for persistence unit 'default'
2019-11-03 14:42:47.419  INFO Gary-C-Laptop
            --- [ment.App.main()] o.h.j.i.u.LogHelper                      : HHH000204: Processing PersistenceUnitInfo [
	name: default
	...]
2019-11-03 14:42:47.498  INFO Gary-C-Laptop
            --- [ment.App.main()] o.h.Version                              : HHH000412: Hibernate Core {4.3.11.Final}
2019-11-03 14:42:47.513  INFO Gary-C-Laptop
            --- [ment.App.main()] o.h.c.Environment                        : HHH000206: hibernate.properties not found
2019-11-03 14:42:47.513  INFO Gary-C-Laptop
            --- [ment.App.main()] o.h.c.Environment                        : HHH000021: Bytecode provider name : javassist
2019-11-03 14:42:47.685  INFO Gary-C-Laptop
            --- [ment.App.main()] o.h.a.c.Version                          : HCANN000001: Hibernate Commons Annotations {4.0.5.Final}
2019-11-03 14:42:48.576  INFO Gary-C-Laptop
            --- [ment.App.main()] o.h.d.Dialect                            : HHH000400: Using dialect: org.hibernate.dialect.MySQL5Dialect
2019-11-03 14:42:48.763  INFO Gary-C-Laptop
            --- [ment.App.main()] o.h.h.i.a.ASTQueryTranslatorFactory      : HHH000397: Using ASTQueryTranslatorFactory
2019-11-03 14:42:49.435  INFO Gary-C-Laptop
            --- [ment.App.main()] o.h.t.h.SchemaExport                     : HHH000227: Running hbm2ddl schema export
2019-11-03 14:42:50.248  INFO Gary-C-Laptop
            --- [ment.App.main()] o.h.t.h.SchemaExport                     : HHH000230: Schema export complete
2019-11-03 14:42:50.795  INFO Gary-C-Laptop
            --- [ment.App.main()] s.w.s.m.m.a.RequestMappingHandlerAdapter : Looking for @ControllerAdvice: org.springframework.boot.context.embedded.AnnotationConfigEmbeddedWebApplicationContext@b803e54: startup date [Sun Nov 03 14:42:44 MST 2019]; root of context hierarchy
2019-11-03 14:42:50.889  INFO Gary-C-Laptop
            --- [ment.App.main()] s.w.s.m.m.a.RequestMappingHandlerMapping : Mapped "{[/customers/{id}],methods=[GET]}" onto public org.springframework.http.ResponseEntity<java.lang.Object> com.promineotech.inventoryManagement.controller.CustomerController.getCustomer(java.lang.Long)
2019-11-03 14:42:50.889  INFO Gary-C-Laptop
            --- [ment.App.main()] s.w.s.m.m.a.RequestMappingHandlerMapping : Mapped "{[/customers/{id}],methods=[PUT]}" onto public org.springframework.http.ResponseEntity<java.lang.Object> com.promineotech.inventoryManagement.controller.CustomerController.updateCustomer(com.promineotech.inventoryManagement.entity.Customer,java.lang.Long)
2019-11-03 14:42:50.889  INFO Gary-C-Laptop
            --- [ment.App.main()] s.w.s.m.m.a.RequestMappingHandlerMapping : Mapped "{[/customers/{id}],methods=[DELETE]}" onto public org.springframework.http.ResponseEntity<java.lang.Object> com.promineotech.inventoryManagement.controller.CustomerController.deleteCustomer(java.lang.Long)
2019-11-03 14:42:50.889  INFO Gary-C-Laptop
            --- [ment.App.main()] s.w.s.m.m.a.RequestMappingHandlerMapping : Mapped "{[/customers],methods=[GET]}" onto public org.springframework.http.ResponseEntity<java.lang.Object> com.promineotech.inventoryManagement.controller.CustomerController.getCustomers()
2019-11-03 14:42:50.889  INFO Gary-C-Laptop
            --- [ment.App.main()] s.w.s.m.m.a.RequestMappingHandlerMapping : Mapped "{[/customers],methods=[POST]}" onto public org.springframework.http.ResponseEntity<java.lang.Object> com.promineotech.inventoryManagement.controller.CustomerController.createCustomer(com.promineotech.inventoryManagement.entity.Customer)
2019-11-03 14:42:50.889  INFO Gary-C-Laptop
            --- [ment.App.main()] s.w.s.m.m.a.RequestMappingHandlerMapping : Mapped "{[/customers/{id}/orders/{orderId}],methods=[PUT]}" onto public org.springframework.http.ResponseEntity<java.lang.Object> com.promineotech.inventoryManagement.controller.OrderController.updateOrder(com.promineotech.inventoryManagement.entity.Order,java.lang.Long)
2019-11-03 14:42:50.889  INFO Gary-C-Laptop
            --- [ment.App.main()] s.w.s.m.m.a.RequestMappingHandlerMapping : Mapped "{[/customers/{id}/orders],methods=[POST]}" onto public org.springframework.http.ResponseEntity<java.lang.Object> com.promineotech.inventoryManagement.controller.OrderController.createCustomer(java.util.Set<java.lang.Long>,java.lang.Long)
2019-11-03 14:42:50.889  INFO Gary-C-Laptop
            --- [ment.App.main()] s.w.s.m.m.a.RequestMappingHandlerMapping : Mapped "{[/products],methods=[POST]}" onto public org.springframework.http.ResponseEntity<java.lang.Object> com.promineotech.inventoryManagement.controller.ProductController.createProduct(com.promineotech.inventoryManagement.entity.Product)
2019-11-03 14:42:50.889  INFO Gary-C-Laptop
            --- [ment.App.main()] s.w.s.m.m.a.RequestMappingHandlerMapping : Mapped "{[/products/{id}],methods=[DELETE]}" onto public org.springframework.http.ResponseEntity<java.lang.Object> com.promineotech.inventoryManagement.controller.ProductController.deleteProduct(java.lang.Long)
2019-11-03 14:42:50.889  INFO Gary-C-Laptop
            --- [ment.App.main()] s.w.s.m.m.a.RequestMappingHandlerMapping : Mapped "{[/products/{id}],methods=[PUT]}" onto public org.springframework.http.ResponseEntity<java.lang.Object> com.promineotech.inventoryManagement.controller.ProductController.updateProduct(com.promineotech.inventoryManagement.entity.Product,java.lang.Long)
2019-11-03 14:42:50.889  INFO Gary-C-Laptop
            --- [ment.App.main()] s.w.s.m.m.a.RequestMappingHandlerMapping : Mapped "{[/products],methods=[GET]}" onto public org.springframework.http.ResponseEntity<java.lang.Object> com.promineotech.inventoryManagement.controller.ProductController.getProducts()
2019-11-03 14:42:50.889  INFO Gary-C-Laptop
            --- [ment.App.main()] s.w.s.m.m.a.RequestMappingHandlerMapping : Mapped "{[/error]}" onto public org.springframework.http.ResponseEntity<java.util.Map<java.lang.String, java.lang.Object>> org.springframework.boot.autoconfigure.web.BasicErrorController.error(javax.servlet.http.HttpServletRequest)
2019-11-03 14:42:50.889  INFO Gary-C-Laptop
            --- [ment.App.main()] s.w.s.m.m.a.RequestMappingHandlerMapping : Mapped "{[/error],produces=[text/html]}" onto public org.springframework.web.servlet.ModelAndView org.springframework.boot.autoconfigure.web.BasicErrorController.errorHtml(javax.servlet.http.HttpServletRequest)
2019-11-03 14:42:50.936  INFO Gary-C-Laptop
            --- [ment.App.main()] o.s.w.s.h.SimpleUrlHandlerMapping        : Mapped URL path [/webjars/**] onto handler of type [class org.springframework.web.servlet.resource.ResourceHttpRequestHandler]
2019-11-03 14:42:50.936  INFO Gary-C-Laptop
            --- [ment.App.main()] o.s.w.s.h.SimpleUrlHandlerMapping        : Mapped URL path [/**] onto handler of type [class org.springframework.web.servlet.resource.ResourceHttpRequestHandler]
2019-11-03 14:42:50.983  INFO Gary-C-Laptop
            --- [ment.App.main()] o.s.w.s.h.SimpleUrlHandlerMapping        : Mapped URL path [/**/favicon.ico] onto handler of type [class org.springframework.web.servlet.resource.ResourceHttpRequestHandler]
2019-11-03 14:42:51.170  INFO Gary-C-Laptop
            --- [ment.App.main()] o.s.j.e.a.AnnotationMBeanExporter        : Registering beans for JMX exposure on startup
2019-11-03 14:42:51.202  INFO Gary-C-Laptop
            --- [ment.App.main()] o.a.c.h.Http11NioProtocol                : Initializing ProtocolHandler ["http-nio-8080"]
2019-11-03 14:42:51.217  INFO Gary-C-Laptop
            --- [ment.App.main()] o.a.c.h.Http11NioProtocol                : Starting ProtocolHandler ["http-nio-8080"]
2019-11-03 14:42:51.233  INFO Gary-C-Laptop
            --- [ment.App.main()] o.a.t.u.n.NioSelectorPool                : Using a shared selector for servlet write/read
2019-11-03 14:42:51.249  INFO Gary-C-Laptop
            --- [ment.App.main()] s.b.c.e.t.TomcatEmbeddedServletContainer : Tomcat started on port(s): 8080 (http)
2019-11-03 14:42:51.249  INFO Gary-C-Laptop
            --- [ment.App.main()] c.p.i.App                                : Started App in 7.487 seconds (JVM running for 12.512)
2019-11-03 15:00:00.133  INFO Gary-C-Laptop
            --- [nio-8080-exec-1] o.a.c.c.C.[.[.[/]                        : Initializing Spring FrameworkServlet 'dispatcherServlet'
2019-11-03 15:00:00.135  INFO Gary-C-Laptop
            --- [nio-8080-exec-1] o.s.w.s.DispatcherServlet                : FrameworkServlet 'dispatcherServlet': initialization started
2019-11-03 15:00:00.162  INFO Gary-C-Laptop
            --- [nio-8080-exec-1] o.s.w.s.DispatcherServlet                : FrameworkServlet 'dispatcherServlet': initialization completed in 27 ms
